<?xml version="1.0" encoding="UTF-8"?>
<!-- Generated by org.testng.reporters.JUnitXMLReporter -->
<testsuite ignored="1" hostname="DESKTOP-0MQGFRC" failures="0" tests="2" name="Tugas Week 03" time="41.611" errors="0" timestamp="2025-06-03T16:51:18 WIB">
  <testcase classname="com.juaracoding.week03.QuizDragDropTest" name="rightDragdrop" time="16.29"/>
  <testcase classname="com.juaracoding.week03.QuizDragDropTest" name="leftDragdrop" time="16.143"/>
  <testcase classname="com.juaracoding.week03.QuizDragDropTest" name="testStep01" time="0.0">
    <ignored/>
  </testcase> <!-- testStep01 -->
</testsuite> <!-- Tugas Week 03 -->
